AutoECO Report
FILE-A: E:\MEUS DOCUMENTOS\PROJETOS\GRAVADOR PIC\GRAVADOR PIC.MAX
FILE-B: E:\MEUS DOCUMENTOS\PROJETOS\GRAVADOR PIC\GRAVADOR PIC.MAX
If "*EOF*" immediately follows, no changes were made
Adding obs 323
Adding obs 347
Adding obs 5952308_REL_B
Adding obs 5952308_REL_C
Adding obs 5952308_REL_D
Adding obs 5952308_REL_E
Adding obs 5952308_REL_F
Adding obs 5939300_REL_A
Adding obs 5939300_REL_B
Adding obs 5939300_REL_C
Adding obs 5939300_REL_D
Adding obs 5939300_REL_E
Adding obs 5939300_REL_F
Adding obs 5952308_REL_A
Adding txt 141
Adding txt 139
Adding txt 147
Adding txt 227
Adding txt 229
Adding txt 231
Adding txt 233
Adding txt 223
Adding txt 225
Adding txt 5939300_REL_A
Adding txt 5952308_REL_A
*EOF*
No errors found
